INFO 2025-12-16 18:09:57,531 autoreload Watching for file changes with StatReloader
INFO 2025-12-16 18:15:16,937 basehttp "GET / HTTP/1.1" 200 6253
INFO 2025-12-16 18:15:22,841 basehttp "GET /products/ HTTP/1.1" 200 19137
INFO 2025-12-16 18:15:29,914 basehttp "GET /cart/add/1/ HTTP/1.1" 302 0
INFO 2025-12-16 18:15:29,937 basehttp "GET /product/pro-wireless-earbuds/ HTTP/1.1" 200 7910
INFO 2025-12-16 18:15:39,290 basehttp "GET /cart/ HTTP/1.1" 200 7053
INFO 2025-12-16 18:15:43,003 basehttp "GET /checkout/ HTTP/1.1" 200 7780
INFO 2025-12-16 18:16:52,222 basehttp "GET /cart/ HTTP/1.1" 200 7053
INFO 2025-12-16 18:16:57,743 basehttp "GET /checkout/ HTTP/1.1" 200 7780
INFO 2025-12-16 18:17:53,477 basehttp "POST /checkout/ HTTP/1.1" 302 0
INFO 2025-12-16 18:17:53,500 views Generated transaction ID 4-4d9f8936d1f3 for Order 4
WARNING 2025-12-16 18:17:53,500 sslcommerz Invalid phone number format: 24324323423
INFO 2025-12-16 18:17:53,502 sslcommerz Initiating SSL Commerz payment for Order #4, Transaction ID: 4-4d9f8936d1f3
INFO 2025-12-16 18:17:53,747 sslcommerz SSL Commerz payment initiated successfully for Order #4
INFO 2025-12-16 18:17:53,748 views Payment gateway URL generated for Order 4, redirecting user
INFO 2025-12-16 18:17:53,754 basehttp "GET /payment/process/ HTTP/1.1" 200 5943
INFO 2025-12-16 18:17:54,435 basehttp "GET /static/JRShop/js/payment.js HTTP/1.1" 200 4145
INFO 2025-12-16 18:17:54,436 basehttp "GET /static/JRShop/css/payment.css HTTP/1.1" 200 10132
INFO 2025-12-16 18:19:02,689 basehttp "GET /cart/ HTTP/1.1" 200 2803
INFO 2025-12-16 18:19:05,925 basehttp "GET /products/ HTTP/1.1" 200 19062
INFO 2025-12-16 18:19:12,301 basehttp "GET /cart/ HTTP/1.1" 200 2803
INFO 2025-12-16 18:19:21,254 basehttp "GET /products/ HTTP/1.1" 200 19062
INFO 2025-12-16 18:19:23,555 basehttp "GET /profile/ HTTP/1.1" 200 17788
INFO 2025-12-16 18:19:58,582 basehttp "GET / HTTP/1.1" 200 6253
INFO 2025-12-16 18:20:00,860 basehttp "GET /admin HTTP/1.1" 301 0
INFO 2025-12-16 18:20:00,879 basehttp "GET /admin/ HTTP/1.1" 302 0
INFO 2025-12-16 18:20:00,903 basehttp "GET /admin/login/?next=/admin/ HTTP/1.1" 200 3687
INFO 2025-12-16 18:20:00,924 basehttp "GET /static/admin/css/login.css HTTP/1.1" 304 0
INFO 2025-12-16 18:20:00,924 basehttp "GET /static/admin/css/dark_mode.css HTTP/1.1" 200 2808
INFO 2025-12-16 18:20:00,924 basehttp "GET /static/admin/css/base.css HTTP/1.1" 304 0
INFO 2025-12-16 18:20:00,925 basehttp "GET /static/admin/css/nav_sidebar.css HTTP/1.1" 200 2810
INFO 2025-12-16 18:20:00,925 basehttp "GET /static/admin/js/theme.js HTTP/1.1" 200 1653
INFO 2025-12-16 18:20:00,925 basehttp "GET /static/admin/js/nav_sidebar.js HTTP/1.1" 200 3063
INFO 2025-12-16 18:20:00,925 basehttp "GET /static/admin/css/responsive.css HTTP/1.1" 304 0
INFO 2025-12-16 18:20:11,522 basehttp "POST /admin/login/?next=/admin/ HTTP/1.1" 302 0
INFO 2025-12-16 18:20:11,539 basehttp "GET /admin/ HTTP/1.1" 200 14028
INFO 2025-12-16 18:20:11,548 basehttp "GET /static/admin/css/dashboard.css HTTP/1.1" 200 441
INFO 2025-12-16 18:20:11,560 basehttp "GET /static/admin/img/icon-addlink.svg HTTP/1.1" 304 0
INFO 2025-12-16 18:20:11,560 basehttp "GET /static/admin/img/icon-changelink.svg HTTP/1.1" 304 0
INFO 2025-12-16 18:20:17,497 basehttp "GET /admin/JRShop/order/ HTTP/1.1" 200 16193
INFO 2025-12-16 18:20:17,864 basehttp "GET /static/admin/js/jquery.init.js HTTP/1.1" 304 0
INFO 2025-12-16 18:20:17,864 basehttp "GET /static/admin/js/admin/RelatedObjectLookups.js HTTP/1.1" 200 9777
INFO 2025-12-16 18:20:17,871 basehttp "GET /static/admin/js/prepopulate.js HTTP/1.1" 200 1531
INFO 2025-12-16 18:20:17,873 basehttp "GET /static/admin/js/urlify.js HTTP/1.1" 200 7887
INFO 2025-12-16 18:20:17,875 basehttp "GET /static/admin/css/changelists.css HTTP/1.1" 304 0
INFO 2025-12-16 18:20:17,877 basehttp "GET /static/admin/js/actions.js HTTP/1.1" 304 0
INFO 2025-12-16 18:20:17,879 basehttp "GET /static/admin/js/core.js HTTP/1.1" 304 0
INFO 2025-12-16 18:20:17,879 basehttp "GET /static/admin/js/filters.js HTTP/1.1" 304 0
INFO 2025-12-16 18:20:17,880 basehttp "GET /static/admin/img/search.svg HTTP/1.1" 304 0
INFO 2025-12-16 18:20:17,880 basehttp "GET /admin/jsi18n/ HTTP/1.1" 200 3342
INFO 2025-12-16 18:20:17,881 basehttp "GET /static/admin/js/vendor/xregexp/xregexp.js HTTP/1.1" 304 0
INFO 2025-12-16 18:20:17,881 basehttp "GET /static/admin/js/vendor/jquery/jquery.js HTTP/1.1" 200 285314
INFO 2025-12-16 18:20:17,904 basehttp "GET /static/admin/img/tooltag-add.svg HTTP/1.1" 200 331
INFO 2025-12-16 18:20:17,905 basehttp "GET /static/admin/img/icon-viewlink.svg HTTP/1.1" 200 581
INFO 2025-12-16 18:20:23,008 basehttp "GET /admin/JRShop/order/4/change/ HTTP/1.1" 200 31502
INFO 2025-12-16 18:20:23,369 basehttp "GET /static/admin/css/forms.css HTTP/1.1" 304 0
INFO 2025-12-16 18:20:23,373 basehttp "GET /static/admin/js/inlines.js HTTP/1.1" 200 15628
INFO 2025-12-16 18:20:23,373 basehttp "GET /static/admin/js/change_form.js HTTP/1.1" 200 606
INFO 2025-12-16 18:20:23,373 basehttp "GET /static/admin/js/prepopulate_init.js HTTP/1.1" 200 586
INFO 2025-12-16 18:20:23,374 basehttp "GET /admin/jsi18n/ HTTP/1.1" 200 3342
INFO 2025-12-16 18:20:23,375 basehttp "GET /static/admin/css/widgets.css HTTP/1.1" 200 11973
INFO 2025-12-16 18:20:23,393 basehttp "GET /static/admin/img/inline-delete.svg HTTP/1.1" 200 537
INFO 2025-12-16 18:20:41,406 basehttp "POST /admin/JRShop/order/4/change/ HTTP/1.1" 302 0
INFO 2025-12-16 18:20:41,422 basehttp "GET /admin/JRShop/order/ HTTP/1.1" 200 16395
INFO 2025-12-16 18:20:41,431 basehttp "GET /admin/jsi18n/ HTTP/1.1" 200 3342
INFO 2025-12-16 18:20:41,441 basehttp "GET /static/admin/img/icon-yes.svg HTTP/1.1" 304 0
INFO 2025-12-16 18:20:49,651 basehttp "GET / HTTP/1.1" 200 6253
INFO 2025-12-16 18:20:59,853 basehttp "GET /products/ HTTP/1.1" 200 19062
INFO 2025-12-16 18:21:09,284 basehttp "GET /profile/ HTTP/1.1" 200 4655
INFO 2025-12-16 18:21:13,766 basehttp "GET /profile/ HTTP/1.1" 200 4655
INFO 2025-12-16 18:21:17,317 basehttp "GET /profile/?tab=settings HTTP/1.1" 200 6014
INFO 2025-12-16 18:21:21,583 basehttp "GET /logout/ HTTP/1.1" 302 0
INFO 2025-12-16 18:21:21,591 basehttp "GET / HTTP/1.1" 200 6147
INFO 2025-12-16 18:21:29,842 basehttp "GET /products/ HTTP/1.1" 200 18659
INFO 2025-12-16 18:21:32,744 basehttp "GET /cart/add/1/ HTTP/1.1" 302 0
INFO 2025-12-16 18:21:32,759 basehttp "GET /login/ HTTP/1.1" 200 5416
INFO 2025-12-16 18:24:17,781 autoreload /Volumes/Shareable S/Django Projects (For Portfolio)/Single Vendor E-Commerce Project/JR_E_Shop/JR_E_Shop/settings.py changed, reloading.
INFO 2025-12-16 18:24:18,466 autoreload Watching for file changes with StatReloader
INFO 2025-12-16 18:24:28,830 autoreload /Volumes/Shareable S/Django Projects (For Portfolio)/Single Vendor E-Commerce Project/JR_E_Shop/JR_E_Shop/settings.py changed, reloading.
INFO 2025-12-16 18:24:29,135 autoreload Watching for file changes with StatReloader
INFO 2025-12-16 18:25:53,272 autoreload /Volumes/Shareable S/Django Projects (For Portfolio)/Single Vendor E-Commerce Project/JR_E_Shop/JR_E_Shop/settings.py changed, reloading.
INFO 2025-12-16 18:25:53,789 autoreload Watching for file changes with StatReloader
INFO 2025-12-16 18:30:35,688 autoreload Watching for file changes with StatReloader
INFO 2025-12-16 18:30:39,189 basehttp "GET / HTTP/1.1" 200 5965
ERROR 2025-12-16 18:30:43,384 log Internal Server Error: /login/
Traceback (most recent call last):
  File "/Volumes/Shareable S/Django Projects (For Portfolio)/Single Vendor E-Commerce Project/JRE-Shop-env/lib/python3.13/site-packages/django/core/handlers/exception.py", line 55, in inner
    response = get_response(request)
  File "/Volumes/Shareable S/Django Projects (For Portfolio)/Single Vendor E-Commerce Project/JRE-Shop-env/lib/python3.13/site-packages/django/core/handlers/base.py", line 197, in _get_response
    response = wrapped_callback(request, *callback_args, **callback_kwargs)
  File "/Volumes/Shareable S/Django Projects (For Portfolio)/Single Vendor E-Commerce Project/JR_E_Shop/JRShop/views.py", line 48, in user_login
    return render(request, 'JRShop/login.html')
  File "/Volumes/Shareable S/Django Projects (For Portfolio)/Single Vendor E-Commerce Project/JRE-Shop-env/lib/python3.13/site-packages/django/shortcuts.py", line 25, in render
    content = loader.render_to_string(template_name, context, request, using=using)
  File "/Volumes/Shareable S/Django Projects (For Portfolio)/Single Vendor E-Commerce Project/JRE-Shop-env/lib/python3.13/site-packages/django/template/loader.py", line 62, in render_to_string
    return template.render(context, request)
           ~~~~~~~~~~~~~~~^^^^^^^^^^^^^^^^^^
  File "/Volumes/Shareable S/Django Projects (For Portfolio)/Single Vendor E-Commerce Project/JRE-Shop-env/lib/python3.13/site-packages/django/template/backends/django.py", line 107, in render
    return self.template.render(context)
           ~~~~~~~~~~~~~~~~~~~~^^^^^^^^^
  File "/Volumes/Shareable S/Django Projects (For Portfolio)/Single Vendor E-Commerce Project/JRE-Shop-env/lib/python3.13/site-packages/django/template/base.py", line 171, in render
    return self._render(context)
           ~~~~~~~~~~~~^^^^^^^^^
  File "/Volumes/Shareable S/Django Projects (For Portfolio)/Single Vendor E-Commerce Project/JRE-Shop-env/lib/python3.13/site-packages/django/template/base.py", line 163, in _render
    return self.nodelist.render(context)
           ~~~~~~~~~~~~~~~~~~~~^^^^^^^^^
  File "/Volumes/Shareable S/Django Projects (For Portfolio)/Single Vendor E-Commerce Project/JRE-Shop-env/lib/python3.13/site-packages/django/template/base.py", line 1016, in render
    return SafeString("".join([node.render_annotated(context) for node in self]))
                               ~~~~~~~~~~~~~~~~~~~~~^^^^^^^^^
  File "/Volumes/Shareable S/Django Projects (For Portfolio)/Single Vendor E-Commerce Project/JRE-Shop-env/lib/python3.13/site-packages/django/template/base.py", line 977, in render_annotated
    return self.render(context)
           ~~~~~~~~~~~^^^^^^^^^
  File "/Volumes/Shareable S/Django Projects (For Portfolio)/Single Vendor E-Commerce Project/JRE-Shop-env/lib/python3.13/site-packages/django/template/loader_tags.py", line 159, in render
    return compiled_parent._render(context)
           ~~~~~~~~~~~~~~~~~~~~~~~^^^^^^^^^
  File "/Volumes/Shareable S/Django Projects (For Portfolio)/Single Vendor E-Commerce Project/JRE-Shop-env/lib/python3.13/site-packages/django/template/base.py", line 163, in _render
    return self.nodelist.render(context)
           ~~~~~~~~~~~~~~~~~~~~^^^^^^^^^
  File "/Volumes/Shareable S/Django Projects (For Portfolio)/Single Vendor E-Commerce Project/JRE-Shop-env/lib/python3.13/site-packages/django/template/base.py", line 1016, in render
    return SafeString("".join([node.render_annotated(context) for node in self]))
                               ~~~~~~~~~~~~~~~~~~~~~^^^^^^^^^
  File "/Volumes/Shareable S/Django Projects (For Portfolio)/Single Vendor E-Commerce Project/JRE-Shop-env/lib/python3.13/site-packages/django/template/base.py", line 977, in render_annotated
    return self.render(context)
           ~~~~~~~~~~~^^^^^^^^^
  File "/Volumes/Shareable S/Django Projects (For Portfolio)/Single Vendor E-Commerce Project/JRE-Shop-env/lib/python3.13/site-packages/django/template/loader_tags.py", line 65, in render
    result = block.nodelist.render(context)
  File "/Volumes/Shareable S/Django Projects (For Portfolio)/Single Vendor E-Commerce Project/JRE-Shop-env/lib/python3.13/site-packages/django/template/base.py", line 1016, in render
    return SafeString("".join([node.render_annotated(context) for node in self]))
                               ~~~~~~~~~~~~~~~~~~~~~^^^^^^^^^
  File "/Volumes/Shareable S/Django Projects (For Portfolio)/Single Vendor E-Commerce Project/JRE-Shop-env/lib/python3.13/site-packages/django/template/base.py", line 977, in render_annotated
    return self.render(context)
           ~~~~~~~~~~~^^^^^^^^^
  File "/Volumes/Shareable S/Django Projects (For Portfolio)/Single Vendor E-Commerce Project/JRE-Shop-env/lib/python3.13/site-packages/django/template/library.py", line 321, in render
    output = self.func(*resolved_args, **resolved_kwargs)
  File "/Volumes/Shareable S/Django Projects (For Portfolio)/Single Vendor E-Commerce Project/JRE-Shop-env/lib/python3.13/site-packages/allauth/socialaccount/templatetags/socialaccount.py", line 21, in provider_login_url
    provider = adapter.get_provider(request, provider)
  File "/Volumes/Shareable S/Django Projects (For Portfolio)/Single Vendor E-Commerce Project/JRE-Shop-env/lib/python3.13/site-packages/allauth/socialaccount/adapter.py", line 212, in get_provider
    app = self.get_app(request, provider=provider, client_id=client_id)
  File "/Volumes/Shareable S/Django Projects (For Portfolio)/Single Vendor E-Commerce Project/JRE-Shop-env/lib/python3.13/site-packages/allauth/socialaccount/adapter.py", line 302, in get_app
    raise SocialApp.DoesNotExist()
allauth.socialaccount.models.SocialApp.DoesNotExist
ERROR 2025-12-16 18:30:43,386 basehttp "GET /login/ HTTP/1.1" 500 157253
INFO 2025-12-16 18:31:46,512 basehttp "GET / HTTP/1.1" 200 5965
INFO 2025-12-16 18:31:47,323 basehttp "GET /admin/JRShop/order/ HTTP/1.1" 302 0
INFO 2025-12-16 18:31:47,345 basehttp "GET /admin/login/?next=/admin/JRShop/order/ HTTP/1.1" 200 4199
INFO 2025-12-16 18:31:47,347 basehttp "GET /admin/jsi18n/ HTTP/1.1" 302 0
INFO 2025-12-16 18:31:47,901 basehttp "GET /admin/ HTTP/1.1" 302 0
INFO 2025-12-16 18:31:47,915 basehttp "GET /admin/login/?next=/admin/ HTTP/1.1" 200 4173
INFO 2025-12-16 18:31:56,340 basehttp "POST /admin/login/?next=/admin/ HTTP/1.1" 302 0
INFO 2025-12-16 18:31:56,355 basehttp "GET /admin/ HTTP/1.1" 200 19039
INFO 2025-12-16 18:32:10,240 basehttp "GET /admin/account/emailaddress/ HTTP/1.1" 200 15883
INFO 2025-12-16 18:32:10,558 basehttp "GET /admin/jsi18n/ HTTP/1.1" 200 3342
INFO 2025-12-16 18:32:14,150 basehttp "GET /admin/sites/site/ HTTP/1.1" 200 16546
INFO 2025-12-16 18:32:14,468 basehttp "GET /admin/jsi18n/ HTTP/1.1" 200 3342
INFO 2025-12-16 18:32:14,492 basehttp "GET /static/admin/img/sorting-icons.svg HTTP/1.1" 200 1097
INFO 2025-12-16 18:32:18,612 basehttp "GET /admin/sites/site/add/ HTTP/1.1" 200 15926
INFO 2025-12-16 18:32:18,930 basehttp "GET /admin/jsi18n/ HTTP/1.1" 200 3342
INFO 2025-12-16 18:32:27,750 basehttp "GET /admin/socialaccount/socialaccount/ HTTP/1.1" 200 15512
INFO 2025-12-16 18:32:28,053 basehttp "GET /admin/jsi18n/ HTTP/1.1" 200 3342
INFO 2025-12-16 18:32:30,459 basehttp "GET /admin/socialaccount/socialaccount/add/ HTTP/1.1" 200 17485
INFO 2025-12-16 18:32:30,770 basehttp "GET /admin/jsi18n/ HTTP/1.1" 200 3342
INFO 2025-12-16 18:32:35,919 basehttp "GET /admin/socialaccount/socialtoken/ HTTP/1.1" 200 16150
INFO 2025-12-16 18:32:36,214 basehttp "GET /admin/jsi18n/ HTTP/1.1" 200 3342
INFO 2025-12-16 18:32:37,894 basehttp "GET /admin/socialaccount/socialtoken/add/ HTTP/1.1" 200 18939
INFO 2025-12-16 18:32:38,270 basehttp "GET /static/admin/js/admin/DateTimeShortcuts.js HTTP/1.1" 200 19319
INFO 2025-12-16 18:32:38,271 basehttp "GET /static/admin/js/calendar.js HTTP/1.1" 200 9141
INFO 2025-12-16 18:32:38,273 basehttp "GET /admin/jsi18n/ HTTP/1.1" 200 3342
INFO 2025-12-16 18:32:38,298 basehttp "GET /static/admin/img/icon-calendar.svg HTTP/1.1" 200 1086
INFO 2025-12-16 18:32:38,298 basehttp "GET /static/admin/img/icon-clock.svg HTTP/1.1" 200 677
INFO 2025-12-16 18:32:42,173 basehttp "GET /admin/socialaccount/socialapp/ HTTP/1.1" 200 14635
INFO 2025-12-16 18:32:42,482 basehttp "GET /admin/jsi18n/ HTTP/1.1" 200 3342
INFO 2025-12-16 18:32:45,251 basehttp "GET /admin/socialaccount/socialapp/add/ HTTP/1.1" 200 21324
INFO 2025-12-16 18:32:45,576 basehttp "GET /static/admin/js/SelectBox.js HTTP/1.1" 200 4530
INFO 2025-12-16 18:32:45,576 basehttp "GET /static/admin/js/SelectFilter2.js HTTP/1.1" 200 15845
INFO 2025-12-16 18:32:45,578 basehttp "GET /admin/jsi18n/ HTTP/1.1" 200 3342
INFO 2025-12-16 18:32:45,603 basehttp "GET /static/admin/img/selector-icons.svg HTTP/1.1" 200 3291
INFO 2025-12-16 18:33:48,489 autoreload Watching for file changes with StatReloader
INFO 2025-12-16 18:33:51,625 basehttp "GET / HTTP/1.1" 200 6253
INFO 2025-12-16 18:33:54,559 basehttp "GET /profile/ HTTP/1.1" 200 4655
INFO 2025-12-16 18:33:56,685 basehttp "GET /profile/?tab=settings HTTP/1.1" 200 6014
INFO 2025-12-16 18:33:59,357 basehttp "GET /logout/ HTTP/1.1" 302 0
INFO 2025-12-16 18:33:59,368 basehttp "GET / HTTP/1.1" 200 6147
INFO 2025-12-16 18:34:03,774 basehttp "GET /login/ HTTP/1.1" 200 3672
INFO 2025-12-16 18:34:23,421 basehttp "GET /register/ HTTP/1.1" 200 5228
INFO 2025-12-16 18:34:23,734 basehttp "GET /static/JRShop/css/register.css HTTP/1.1" 200 7522
INFO 2025-12-16 18:34:23,735 basehttp "GET /static/JRShop/js/register.js HTTP/1.1" 200 3621
INFO 2025-12-16 18:41:56,746 autoreload Watching for file changes with StatReloader
INFO 2025-12-16 18:42:01,997 basehttp "GET / HTTP/1.1" 200 5965
INFO 2025-12-16 18:42:04,708 basehttp "GET /login/ HTTP/1.1" 200 6022
INFO 2025-12-16 18:42:15,676 basehttp "GET /admin/socialaccount/socialapp/ HTTP/1.1" 302 0
INFO 2025-12-16 18:42:15,713 basehttp "GET /admin/login/?next=/admin/socialaccount/socialapp/ HTTP/1.1" 200 4221
INFO 2025-12-16 18:42:23,652 basehttp "POST /admin/login/?next=/admin/socialaccount/socialapp/ HTTP/1.1" 302 0
INFO 2025-12-16 18:42:23,673 basehttp "GET /admin/socialaccount/socialapp/ HTTP/1.1" 200 14635
INFO 2025-12-16 18:42:23,684 basehttp "GET /admin/jsi18n/ HTTP/1.1" 200 3342
INFO 2025-12-16 18:42:28,678 basehttp "GET /admin/sites/site/ HTTP/1.1" 200 16546
INFO 2025-12-16 18:42:28,692 basehttp "GET /admin/jsi18n/ HTTP/1.1" 200 3342
INFO 2025-12-16 18:42:32,073 basehttp "GET /admin/sites/site/1/change/ HTTP/1.1" 200 16184
INFO 2025-12-16 18:42:32,395 basehttp "GET /admin/jsi18n/ HTTP/1.1" 200 3342
INFO 2025-12-16 18:42:39,354 basehttp "GET /admin/account/emailaddress/ HTTP/1.1" 200 15883
INFO 2025-12-16 18:42:39,361 basehttp "GET /admin/jsi18n/ HTTP/1.1" 200 3342
INFO 2025-12-16 18:42:50,685 basehttp "GET /register/ HTTP/1.1" 302 0
INFO 2025-12-16 18:42:50,696 basehttp "GET / HTTP/1.1" 200 6253
INFO 2025-12-16 18:42:53,596 basehttp "GET /profile/ HTTP/1.1" 200 4655
INFO 2025-12-16 18:42:56,618 basehttp "GET /profile/?tab=settings HTTP/1.1" 200 6014
INFO 2025-12-16 18:43:00,854 basehttp "GET /logout/ HTTP/1.1" 302 0
INFO 2025-12-16 18:43:00,862 basehttp "GET / HTTP/1.1" 200 6147
INFO 2025-12-16 19:07:20,147 autoreload Watching for file changes with StatReloader
INFO 2025-12-16 19:07:28,019 basehttp "GET / HTTP/1.1" 200 5965
WARNING 2025-12-16 19:07:28,091 log Not Found: /favicon.ico
WARNING 2025-12-16 19:07:28,091 basehttp "GET /favicon.ico HTTP/1.1" 404 9276
INFO 2025-12-16 19:07:30,379 basehttp "GET /login/ HTTP/1.1" 200 6022
